have_header: checking for vm_core.h... -------------------- no

"gcc -o conftest -I/usr/local/include/ruby-2.3.0/x86_64-linux -I/usr/local/include/ruby-2.3.0/ruby/backward -I/usr/local/include/ruby-2.3.0 -I.     -O3 -fno-fast-math -ggdb3 -Wall -Wextra -Wno-unused-parameter -Wno-parentheses -Wno-long-long -Wno-missing-field-initializers -Wunused-variable -Wpointer-arith -Wwrite-strings -Wdeclaration-after-statement -Wimplicit-function-declaration -Wdeprecated-declarations -Wno-packed-bitfield-compat  -fPIC conftest.c  -L. -L/usr/local/lib -Wl,-R/usr/local/lib -L. -fstack-protector -rdynamic -Wl,-export-dynamic     -Wl,-R/usr/local/lib -L/usr/local/lib -lruby  -lpthread -ldl -lcrypt -lm   -lc"
checked program was:
/* begin */
1: #include "ruby.h"
2: 
3: int main(int argc, char **argv)
4: {
5:   return 0;
6: }
/* end */

"gcc -E -I/usr/local/include/ruby-2.3.0/x86_64-linux -I/usr/local/include/ruby-2.3.0/ruby/backward -I/usr/local/include/ruby-2.3.0 -I.     -O3 -fno-fast-math -ggdb3 -Wall -Wextra -Wno-unused-parameter -Wno-parentheses -Wno-long-long -Wno-missing-field-initializers -Wunused-variable -Wpointer-arith -Wwrite-strings -Wdeclaration-after-statement -Wimplicit-function-declaration -Wdeprecated-declarations -Wno-packed-bitfield-compat  -fPIC  conftest.c -o conftest.i"
conftest.c:3:21: fatal error: vm_core.h: No such file or directory
 #include <vm_core.h>
                     ^
compilation terminated.
checked program was:
/* begin */
1: #include "ruby.h"
2: 
3: #include <vm_core.h>
/* end */

--------------------

have_header: checking for vm_core.h... -------------------- no

"gcc -E -I/usr/local/include/ruby-2.3.0/x86_64-linux -I/usr/local/include/ruby-2.3.0/ruby/backward -I/usr/local/include/ruby-2.3.0 -I. -I/usr/local/include/ruby-2.3.0/ruby-2.3.4-p301  -O3 -fno-fast-math -ggdb3 -Wall -Wextra -Wno-unused-parameter -Wno-parentheses -Wno-long-long -Wno-missing-field-initializers -Wunused-variable -Wpointer-arith -Wwrite-strings -Wdeclaration-after-statement -Wimplicit-function-declaration -Wdeprecated-declarations -Wno-packed-bitfield-compat  -fPIC  conftest.c -o conftest.i"
conftest.c:3:21: fatal error: vm_core.h: No such file or directory
 #include <vm_core.h>
                     ^
compilation terminated.
checked program was:
/* begin */
1: #include "ruby.h"
2: 
3: #include <vm_core.h>
/* end */

--------------------

have_header: checking for vm_core.h... -------------------- yes

"gcc -E -I/usr/local/include/ruby-2.3.0/x86_64-linux -I/usr/local/include/ruby-2.3.0/ruby/backward -I/usr/local/include/ruby-2.3.0 -I. -I/parts/vendor/bundle/ruby/2.3.0/gems/debase-ruby_core_source-0.9.10/lib/debase/ruby_core_source/ruby-2.3.4-p301  -O3 -fno-fast-math -ggdb3 -Wall -Wextra -Wno-unused-parameter -Wno-parentheses -Wno-long-long -Wno-missing-field-initializers -Wunused-variable -Wpointer-arith -Wwrite-strings -Wdeclaration-after-statement -Wimplicit-function-declaration -Wdeprecated-declarations -Wno-packed-bitfield-compat  -fPIC  conftest.c -o conftest.i"
checked program was:
/* begin */
1: #include "ruby.h"
2: 
3: #include <vm_core.h>
/* end */

--------------------

